<?xml version="1.0" encoding="UTF-8"?>
<!-- Generated by org.testng.reporters.JUnitReportReporter -->
<testsuite hostname="LAPTOP-CPGVT3QT" failures="0" tests="1" name="com.PageObjectModelwithPF.AppTest" time="0.027" errors="0" timestamp="2020-11-26T17:53:49 IST" skipped="0">
  <testcase classname="com.PageObjectModelwithPF.AppTest" name="shouldAnswerWithTrue" time="0.027"/>
  <system-out/>
</testsuite> <!-- com.PageObjectModelwithPF.AppTest -->
