<?xml version="1.0" encoding="UTF-8"?>
<!-- Generated by org.testng.reporters.JUnitReportReporter -->
<testsuite hostname="MUML13311" name="PkgTestNGDemo.MyFirstTestNGClass" tests="1" failures="0" timestamp="12 Apr 2016 12:39:06 GMT" time="23.081" errors="0">
  <testcase name="verifyHomePageTitle" time="23.081" classname="PkgTestNGDemo.MyFirstTestNGClass"/>
</testsuite> <!-- PkgTestNGDemo.MyFirstTestNGClass -->
