<?xml version="1.0" encoding="UTF-8"?>
<!-- Generated by org.testng.reporters.JUnitReportReporter -->
<testsuite hostname="MUML13311" name="firsttestngpackage.FirstTestNGClass" tests="1" failures="0" timestamp="12 Apr 2016 12:37:58 GMT" time="0.551" errors="0">
  <testcase name="verifyHomePageTitle" time="0.551" classname="firsttestngpackage.FirstTestNGClass"/>
</testsuite> <!-- firsttestngpackage.FirstTestNGClass -->
