<?xml version="1.0" encoding="UTF-8"?>
<!-- Generated by org.testng.reporters.JUnitXMLReporter -->
<testsuite hostname="MUML13311" tests="1" failures="0" timestamp="12 Apr 2016 13:04:45 GMT" time="0.131" errors="0">
  <testcase name="testAdd on testAdd(TestJunit)" time="0.018" classname="TestJunit"/>
</testsuite>
