<?xml version="1.0" encoding="UTF-8"?>
<!-- Generated by org.testng.reporters.JUnitReportReporter -->
<testsuite hostname="LAPTOP-CPGVT3QT" failures="0" tests="1" name="com.CucumberBDDFlow.AppTest" time="0.008" errors="0" timestamp="24 Nov 2020 06:48:59 GMT">
  <testcase classname="com.CucumberBDDFlow.AppTest" name="shouldAnswerWithTrue" time="0.008"/>
</testsuite> <!-- com.CucumberBDDFlow.AppTest -->
