<?xml version="1.0" encoding="UTF-8"?>
<!-- Generated by org.testng.reporters.JUnitReportReporter -->
<testsuite hostname="LAPTOP-CPGVT3QT" failures="0" tests="1" name="com.PageObjectModelwithPF.TestHotelAppTest" time="2.675" errors="0" timestamp="2020-11-26T17:54:30 IST" skipped="0">
  <testcase classname="com.PageObjectModelwithPF.TestHotelAppTest" name="init" time="2.675"/>
  <system-out/>
</testsuite> <!-- com.PageObjectModelwithPF.TestHotelAppTest -->
