<?xml version="1.0" encoding="UTF-8"?>
<!-- Generated by org.testng.reporters.JUnitReportReporter -->
<testsuite hostname="MUML13311" name="TestNGWD03" tests="1" failures="0" timestamp="30 Apr 2016 07:13:03 GMT" time="0.051" errors="0">
  <testcase name="testCaseOne" time="0.051" classname="TestNGWD03"/>
</testsuite> <!-- TestNGWD03 -->
