<?xml version="1.0" encoding="UTF-8"?>
<!-- Generated by org.testng.reporters.JUnitReportReporter -->
<testsuite hostname="MUML13311" name="parallelTest.CrossBrowserScript" tests="3" failures="0" timestamp="13 Apr 2016 06:28:03 GMT" time="47.709" errors="0">
  <testcase name="RunCrossBrowserScript" time="3.345" classname="parallelTest.CrossBrowserScript"/>
  <testcase name="RunCrossBrowserScript" time="2.890" classname="parallelTest.CrossBrowserScript"/>
  <testcase name="RunCrossBrowserScript" time="41.474" classname="parallelTest.CrossBrowserScript"/>
</testsuite> <!-- parallelTest.CrossBrowserScript -->
