<?xml version="1.0" encoding="UTF-8"?>
<!-- Generated by org.testng.reporters.JUnitReportReporter -->
<testsuite hostname="MUML13311" name="TestNGWD02" tests="1" failures="0" timestamp="13 Apr 2016 06:07:33 GMT" time="31.341" errors="1">
  <testcase name="testCaseOne" time="31.341" classname="TestNGWD02">
    <error type="org.openqa.selenium.TimeoutException" message="Timed out waiting for page load.
Command duration or timeout: 10.03 seconds
Build info: version: &#039;2.53.0&#039;, revision: &#039;35ae25b&#039;, time: &#039;2016-03-15 16:57:40&#039;
System info: host: &#039;MUML13311&#039;, ip: &#039;10.207.173.38&#039;, os.name: &#039;Windows 7&#039;, os.arch: &#039;x86&#039;, os.version: &#039;6.1&#039;, java.version: &#039;1.8.0_31&#039;
Driver info: org.openqa.selenium.firefox.FirefoxDriver
Capabilities [{applicationCacheEnabled=true, rotatable=false, handlesAlerts=true, databaseEnabled=true, version=41.0.2, platform=WINDOWS, nativeEvents=false, acceptSslCerts=true, webStorageEnabled=true, locationContextEnabled=true, browserName=firefox, takesScreenshot=true, javascriptEnabled=true, cssSelectorsEnabled=true}]
Session ID: ce9a8d3e-9df9-4103-97b6-336187bf1e18">
      <![CDATA[org.openqa.selenium.TimeoutException: Timed out waiting for page load.
Command duration or timeout: 10.03 seconds
Build info: version: '2.53.0', revision: '35ae25b', time: '2016-03-15 16:57:40'
System info: host: 'MUML13311', ip: '10.207.173.38', os.name: 'Windows 7', os.arch: 'x86', os.version: '6.1', java.version: '1.8.0_31'
Driver info: org.openqa.selenium.firefox.FirefoxDriver
Capabilities [{applicationCacheEnabled=true, rotatable=false, handlesAlerts=true, databaseEnabled=true, version=41.0.2, platform=WINDOWS, nativeEvents=false, acceptSslCerts=true, webStorageEnabled=true, locationContextEnabled=true, browserName=firefox, takesScreenshot=true, javascriptEnabled=true, cssSelectorsEnabled=true}]
Session ID: ce9a8d3e-9df9-4103-97b6-336187bf1e18
	at sun.reflect.NativeConstructorAccessorImpl.newInstance0(Native Method)
	at sun.reflect.NativeConstructorAccessorImpl.newInstance(Unknown Source)
	at sun.reflect.DelegatingConstructorAccessorImpl.newInstance(Unknown Source)
	at java.lang.reflect.Constructor.newInstance(Unknown Source)
	at org.openqa.selenium.remote.ErrorHandler.createThrowable(ErrorHandler.java:206)
	at org.openqa.selenium.remote.ErrorHandler.throwIfResponseFailed(ErrorHandler.java:158)
	at org.openqa.selenium.remote.RemoteWebDriver.execute(RemoteWebDriver.java:678)
	at org.openqa.selenium.remote.RemoteWebElement.execute(RemoteWebElement.java:327)
	at org.openqa.selenium.remote.RemoteWebElement.click(RemoteWebElement.java:85)
	at TestNGWD02.testCaseOne(TestNGWD02.java:56)
	at sun.reflect.NativeMethodAccessorImpl.invoke0(Native Method)
	at sun.reflect.NativeMethodAccessorImpl.invoke(Unknown Source)
	at sun.reflect.DelegatingMethodAccessorImpl.invoke(Unknown Source)
	at java.lang.reflect.Method.invoke(Unknown Source)
	at org.testng.internal.MethodInvocationHelper.invokeMethod(MethodInvocationHelper.java:85)
	at org.testng.internal.Invoker.invokeMethod(Invoker.java:639)
	at org.testng.internal.Invoker.invokeTestMethod(Invoker.java:816)
	at org.testng.internal.Invoker.invokeTestMethods(Invoker.java:1124)
	at org.testng.internal.TestMethodWorker.invokeTestMethods(TestMethodWorker.java:125)
	at org.testng.internal.TestMethodWorker.run(TestMethodWorker.java:108)
	at org.testng.TestRunner.privateRun(TestRunner.java:774)
	at org.testng.TestRunner.run(TestRunner.java:624)
	at org.testng.SuiteRunner.runTest(SuiteRunner.java:359)
	at org.testng.SuiteRunner.runSequentially(SuiteRunner.java:354)
	at org.testng.SuiteRunner.privateRun(SuiteRunner.java:312)
	at org.testng.SuiteRunner.run(SuiteRunner.java:261)
	at org.testng.SuiteRunnerWorker.runSuite(SuiteRunnerWorker.java:52)
	at org.testng.SuiteRunnerWorker.run(SuiteRunnerWorker.java:86)
	at org.testng.TestNG.runSuitesSequentially(TestNG.java:1215)
	at org.testng.TestNG.runSuitesLocally(TestNG.java:1140)
	at org.testng.TestNG.run(TestNG.java:1048)
	at org.testng.remote.AbstractRemoteTestNG.run(AbstractRemoteTestNG.java:126)
	at org.testng.remote.RemoteTestNG.initAndRun(RemoteTestNG.java:137)
	at org.testng.remote.RemoteTestNG.main(RemoteTestNG.java:58)
Caused by: org.openqa.selenium.TimeoutException: Timed out waiting for page load.
Build info: version: '2.53.0', revision: '35ae25b', time: '2016-03-15 16:57:40'
System info: host: 'MUML13311', ip: '10.207.173.38', os.name: 'Windows 7', os.arch: 'x86', os.version: '6.1', java.version: '1.8.0_31'
Driver info: driver.version: unknown
	at <anonymous class>.Utils.installClickListener/e<(file:///C:/Users/sb675429/AppData/Local/Temp/anonymous5105398148237856981webdriver-profile/extensions/fxdriver@googlecode.com/components/command-processor.js:9372)
	at <anonymous class>.WebLoadingListener/e(file:///C:/Users/sb675429/AppData/Local/Temp/anonymous5105398148237856981webdriver-profile/extensions/fxdriver@googlecode.com/components/command-processor.js:5142)
	at <anonymous class>.WebLoadingListener/<(file:///C:/Users/sb675429/AppData/Local/Temp/anonymous5105398148237856981webdriver-profile/extensions/fxdriver@googlecode.com/components/command-processor.js:5150)
	at <anonymous class>.fxdriver.Timer.prototype.setTimeout/<.notify(file:///C:/Users/sb675429/AppData/Local/Temp/anonymous5105398148237856981webdriver-profile/extensions/fxdriver@googlecode.com/components/command-processor.js:625)
]]>
    </error>
  </testcase> <!-- testCaseOne -->
</testsuite> <!-- TestNGWD02 -->
