<?xml version="1.0" encoding="UTF-8"?>
<!-- Generated by org.testng.reporters.JUnitReportReporter -->
<testsuite hostname="MUML13311" name="TestNGWD01" tests="1" failures="0" timestamp="13 Apr 2016 06:00:43 GMT" time="18.515" errors="0">
  <testcase name="testCaseOne" time="18.515" classname="TestNGWD01"/>
</testsuite> <!-- TestNGWD01 -->
