<?xml version="1.0" encoding="UTF-8"?>
<!-- Generated by org.testng.reporters.JUnitReportReporter -->
<testsuite hostname="MUML13311" name="TestngAnnotation" tests="2" failures="0" timestamp="12 Apr 2016 13:08:49 GMT" time="0.015" errors="0">
  <testcase name="testCase2" time="0.005" classname="TestngAnnotation"/>
  <testcase name="testCase1" time="0.010" classname="TestngAnnotation"/>
</testsuite> <!-- TestngAnnotation -->
