<?xml version="1.0" encoding="UTF-8"?>
<!-- Generated by org.testng.reporters.JUnitReportReporter -->
<testsuite hostname="LAPTOP-CPGVT3QT" failures="0" tests="1" name="com.GmailBDDTest.AppTest" time="0.013" errors="0" timestamp="2020-11-24T16:28:53 IST" skipped="0">
  <testcase classname="com.GmailBDDTest.AppTest" name="shouldAnswerWithTrue" time="0.013"/>
  <system-out/>
</testsuite> <!-- com.GmailBDDTest.AppTest -->
