<?xml version="1.0" encoding="UTF-8"?>
<!-- Generated by org.testng.reporters.JUnitReportReporter -->
<testsuite hostname="DESKTOP-UNGV2NE" failures="0" tests="3" name="param.dataproviderdemo.com.TestCaseLogin" time="154.430" errors="0" timestamp="2022-03-05T09:25:08 IST" skipped="0">
  <testcase classname="param.dataproviderdemo.com.TestCaseLogin" name="Loginvalidation" time="26.828"/>
  <system-out/>
  <testcase classname="param.dataproviderdemo.com.TestCaseLogin" name="Loginvalidation" time="29.615"/>
  <system-out/>
  <testcase classname="param.dataproviderdemo.com.TestCaseLogin" name="Loginvalidation" time="97.987"/>
  <system-out/>
</testsuite> <!-- param.dataproviderdemo.com.TestCaseLogin -->
