<?xml version="1.0" encoding="UTF-8"?>
<!-- Generated by org.testng.reporters.JUnitReportReporter -->
<testsuite hostname="DESKTOP-GHSQ22K" failures="0" tests="9" name="Mini_Project.Hotel_Availability" time="84.501" errors="0" timestamp="2021-03-31T16:44:32 IST" skipped="0">
  <testcase classname="Mini_Project.Hotel_Availability" name="invoke" time="7.599"/>
  <system-out/>
  <testcase classname="Mini_Project.Hotel_Availability" name="verifycity" time="4.162"/>
  <system-out/>
  <testcase classname="Mini_Project.Hotel_Availability" name="check_in_date" time="4.128"/>
  <system-out/>
  <testcase classname="Mini_Project.Hotel_Availability" name="check_out_date" time="1.122"/>
  <system-out/>
  <testcase classname="Mini_Project.Hotel_Availability" name="verify_persons_and_rooms" time="4.960"/>
  <system-out/>
  <testcase classname="Mini_Project.Hotel_Availability" name="search" time="3.856"/>
  <system-out/>
  <testcase classname="Mini_Project.Hotel_Availability" name="display_hotels" time="9.996"/>
  <system-out/>
  <testcase classname="Mini_Project.Hotel_Availability" name="sort_rating" time="0.771"/>
  <system-out/>
  <testcase classname="Mini_Project.Hotel_Availability" name="validate_city" time="47.907"/>
  <system-out/>
</testsuite> <!-- Mini_Project.Hotel_Availability -->
