<?xml version="1.0" encoding="UTF-8"?>
<!-- Generated by org.testng.reporters.JUnitReportReporter -->
<testsuite hostname="LAPTOP-CPGVT3QT" failures="0" tests="1" name="com.PageObjectModelwithPF.TestHotelAppTest" time="4.119" errors="0" timestamp="2020-11-26T17:53:48 IST" skipped="0">
  <testcase classname="com.PageObjectModelwithPF.TestHotelAppTest" name="init" time="4.119"/>
  <system-out/>
</testsuite> <!-- com.PageObjectModelwithPF.TestHotelAppTest -->
