<?xml version="1.0" encoding="UTF-8"?>
<!-- Generated by org.testng.reporters.JUnitReportReporter -->
<testsuite hostname="LAPTOP-CPGVT3QT" failures="0" tests="1" name="HotelAppBDD.HotelAppBDD.AppTest" time="0.010" errors="0" timestamp="2020-11-27T13:59:04 IST" skipped="0">
  <testcase classname="HotelAppBDD.HotelAppBDD.AppTest" name="shouldAnswerWithTrue" time="0.010"/>
  <system-out/>
</testsuite> <!-- HotelAppBDD.HotelAppBDD.AppTest -->
