<?xml version="1.0" encoding="UTF-8"?>
<!DOCTYPE suite SYSTEM "http://testng.org/testng-1.0.dtd">

<suite name="Converted JUnit suite" >
   <test name="JUnitTests" junit="true">
      <classes>
         <class name="TestJunit" />
      </classes>
   </test>
</suite>