<?xml version="1.0" encoding="UTF-8"?>
<!-- Generated by org.testng.reporters.JUnitReportReporter -->
<testsuite hostname="DESKTOP-0EGHQ7Q" failures="0" tests="1" name="tests.MyTestNGTest" time="0.000" errors="0" timestamp="2022-03-02T15:37:21 IST" skipped="1">
  <testcase classname="tests.MyTestNGTest" name="testMyFirstWebDriver" time="0.000">
    <skipped/>
  </testcase> <!-- testMyFirstWebDriver -->
  <system-out/>
</testsuite> <!-- tests.MyTestNGTest -->
